<?xml version="1.0" encoding="UTF-8"?>
<testsuites name="jest tests" tests="2" failures="0" errors="0" time="5.421">
  <testsuite name="Incident Reporting System Tests" errors="0" failures="0" skipped="0" timestamp="2024-10-06T04:24:45" time="5.284" tests="2">
    <testcase classname="Incident Reporting System Tests Authentication should register a new user" name="Incident Reporting System Tests Authentication should register a new user" time="0.513">
    </testcase>
    <testcase classname="Incident Reporting System Tests Authentication should login an existing user" name="Incident Reporting System Tests Authentication should login an existing user" time="0.341">
    </testcase>
  </testsuite>
</testsuites>