<?xml version="1.0" encoding="UTF-8"?>
<testsuites name="jest tests" tests="2" failures="0" errors="0" time="2.081">
  <testsuite name="Server Tests" errors="0" failures="0" skipped="0" timestamp="2024-08-26T17:51:53" time="2.033" tests="2">
    <testcase classname="Server Tests GET / should return 200 OK and welcome message" name="Server Tests GET / should return 200 OK and welcome message" time="0.011">
    </testcase>
    <testcase classname="Server Tests GET /nonexistent should return 404 Not Found" name="Server Tests GET /nonexistent should return 404 Not Found" time="0.025">
    </testcase>
  </testsuite>
</testsuites>