<?xml version="1.0" encoding="UTF-8"?>
<testsuites name="jest tests" tests="11" failures="0" errors="0" time="7.537">
  <testsuite name="Incident Reporting System Tests" errors="0" failures="0" skipped="0" timestamp="2024-10-07T06:37:14" time="7.411" tests="11">
    <testcase classname="Incident Reporting System Tests Authentication should register a new user" name="Incident Reporting System Tests Authentication should register a new user" time="0.468">
    </testcase>
    <testcase classname="Incident Reporting System Tests Authentication should login an existing user" name="Incident Reporting System Tests Authentication should login an existing user" time="0.342">
    </testcase>
    <testcase classname="Incident Reporting System Tests Authentication Bans should create a new ban" name="Incident Reporting System Tests Authentication Bans should create a new ban" time="0.356">
    </testcase>
    <testcase classname="Incident Reporting System Tests Authentication Bans should get all bans" name="Incident Reporting System Tests Authentication Bans should get all bans" time="0.324">
    </testcase>
    <testcase classname="Incident Reporting System Tests Authentication Warnings should create a new warning" name="Incident Reporting System Tests Authentication Warnings should create a new warning" time="0.339">
    </testcase>
    <testcase classname="Incident Reporting System Tests Authentication Warnings should get all warnings" name="Incident Reporting System Tests Authentication Warnings should get all warnings" time="0.317">
    </testcase>
    <testcase classname="Incident Reporting System Tests Authentication Admin User Management should get all users" name="Incident Reporting System Tests Authentication Admin User Management should get all users" time="0.282">
    </testcase>
    <testcase classname="Incident Reporting System Tests Authentication Admin User Management should create a new user" name="Incident Reporting System Tests Authentication Admin User Management should create a new user" time="0.342">
    </testcase>
    <testcase classname="Incident Reporting System Tests Authentication Admin User Management should edit a user" name="Incident Reporting System Tests Authentication Admin User Management should edit a user" time="0.312">
    </testcase>
    <testcase classname="Incident Reporting System Tests Authentication Venues should create a new venue" name="Incident Reporting System Tests Authentication Venues should create a new venue" time="0.286">
    </testcase>
    <testcase classname="Incident Reporting System Tests Authentication Venues should get all venues" name="Incident Reporting System Tests Authentication Venues should get all venues" time="0.291">
    </testcase>
  </testsuite>
</testsuites>